<?xml version="1.0" encoding="UTF-8"?>
<testng-results ignored="0" total="1" passed="1" failed="0" skipped="0">
  <reporter-output>
  </reporter-output>
  <suite started-at="2024-02-21T10:16:25 IST" name="Default suite" finished-at="2024-02-21T10:16:42 IST" duration-ms="17706">
    <groups>
    </groups>
    <test started-at="2024-02-21T10:16:25 IST" name="Default test" finished-at="2024-02-21T10:16:42 IST" duration-ms="17706">
      <class name="com.upeg.tests.UPEGAPITests">
        <test-method is-config="true" signature="setUp()[pri:0, instance:com.upeg.tests.UPEGAPITests@30b34287]" started-at="2024-02-21T10:16:25 IST" name="setUp" finished-at="2024-02-21T10:16:31 IST" duration-ms="6636" status="PASS">
          <reporter-output>
          </reporter-output>
        </test-method> <!-- setUp -->
        <test-method signature="testLoginEmptyUserName()[pri:0, instance:com.upeg.tests.UPEGAPITests@30b34287]" started-at="2024-02-21T10:16:31 IST" name="testLoginEmptyUserName" finished-at="2024-02-21T10:16:31 IST" duration-ms="14" status="PASS">
          <reporter-output>
          </reporter-output>
        </test-method> <!-- testLoginEmptyUserName -->
        <test-method is-config="true" signature="closeBrowser()[pri:0, instance:com.upeg.tests.UPEGAPITests@30b34287]" started-at="2024-02-21T10:16:31 IST" name="closeBrowser" finished-at="2024-02-21T10:16:42 IST" duration-ms="11026" status="PASS">
          <reporter-output>
          </reporter-output>
        </test-method> <!-- closeBrowser -->
        <test-method is-config="true" signature="tearDown()[pri:0, instance:com.upeg.tests.UPEGAPITests@30b34287]" started-at="2024-02-21T10:16:42 IST" name="tearDown" finished-at="2024-02-21T10:16:43 IST" duration-ms="308" status="PASS">
          <reporter-output>
          </reporter-output>
        </test-method> <!-- tearDown -->
      </class> <!-- com.upeg.tests.UPEGAPITests -->
    </test> <!-- Default test -->
  </suite> <!-- Default suite -->
</testng-results>
