<?xml version="1.0" encoding="UTF-8"?>
<testng-results ignored="0" total="1" passed="1" failed="0" skipped="0">
  <reporter-output>
  </reporter-output>
  <suite started-at="2024-02-19T09:22:44 IST" name="Default suite" finished-at="2024-02-19T09:24:13 IST" duration-ms="88551">
    <groups>
    </groups>
    <test started-at="2024-02-19T09:22:44 IST" name="Default test" finished-at="2024-02-19T09:24:13 IST" duration-ms="88551">
      <class name="com.upeg.tests.UPEGAPITests">
        <test-method is-config="true" signature="setUp()[pri:0, instance:com.upeg.tests.UPEGAPITests@3e7634b9]" started-at="2024-02-19T09:22:44 IST" name="setUp" finished-at="2024-02-19T09:24:12 IST" duration-ms="88006" status="PASS">
          <reporter-output>
          </reporter-output>
        </test-method> <!-- setUp -->
        <test-method signature="testLoginEmptyUserName()[pri:0, instance:com.upeg.tests.UPEGAPITests@3e7634b9]" started-at="2024-02-19T09:24:12 IST" name="testLoginEmptyUserName" finished-at="2024-02-19T09:24:12 IST" duration-ms="60" status="PASS">
          <reporter-output>
          </reporter-output>
        </test-method> <!-- testLoginEmptyUserName -->
        <test-method is-config="true" signature="tearDown()[pri:0, instance:com.upeg.tests.UPEGAPITests@3e7634b9]" started-at="2024-02-19T09:24:12 IST" name="tearDown" finished-at="2024-02-19T09:24:13 IST" duration-ms="444" status="PASS">
          <reporter-output>
          </reporter-output>
        </test-method> <!-- tearDown -->
      </class> <!-- com.upeg.tests.UPEGAPITests -->
    </test> <!-- Default test -->
  </suite> <!-- Default suite -->
</testng-results>
